1724153196846	Device	NeuroPlay-6C (0615)
1724153196853	Date	2024-08-20T14:26:36.853
1724153196853	Timestamp	1724153196846
1724153196853	Frequency	125
1724153196854	Channels	O1,T3,Fp1,Fp2,T4,O2
1724153196854	ChannelCount	6
1724153196854	HPF	2
1724153196854	LPF	40
1724153196854	BSF	50
1724153196854	BSF2	0
1724153196855		начало открытые
1724153196856	MeditationChannels	O1,O2
1724153196856	MeditationTopThresholdHistory	100
1724153196856	MeditationLowThresholdHistory	1000
1724153196857	MeditationSmoothing	16
1724153196857	ConcentrationChannels	F3,F4,Fp1,Fp2
1724153196857	ConcentrationTopThresholdHistory	100
1724153196857	ConcentrationLowThresholdHistory	1000
1724153196857	ConcentrationSmoothing	16
1724153196857	OS	Windows
1724153196858	OSversion	10.0.19045
1724153196858	Version	1.10.5
1724153198337	Annotation	начало открытые
1724153509676	Annotation	конец открытые
1724153510502	Annotation	начало закрытые
1724153866681	Annotation	конец закрытые
1724153868803	StopRecord	
