1724184568473	Device	NeuroPlay-6C (0615)
1724184568473	Date	2024-08-20T23:09:28.473
1724184568473	Timestamp	1724184568473
1724184568474	Frequency	125
1724184568474	Channels	O1,T3,Fp1,Fp2,T4,O2
1724184568474	ChannelCount	6
1724184568474	HPF	2
1724184568475	LPF	40
1724184568475	BSF	50
1724184568475	BSF2	0
1724184568476	MeditationChannels	O1,O2
1724184568476	MeditationTopThresholdHistory	100
1724184568476	MeditationLowThresholdHistory	1000
1724184568477	MeditationSmoothing	16
1724184568477	ConcentrationChannels	F3,F4,Fp1,Fp2
1724184568477	ConcentrationTopThresholdHistory	100
1724184568486	ConcentrationLowThresholdHistory	1000
1724184568486	ConcentrationSmoothing	16
1724184568487	OS	Windows
1724184568487	OSversion	10.0.19045
1724184568487	Version	1.10.5
1724184588708	Annotation	начало открытые
1724184961245	Annotation	конец открытые
1724184965054	Annotation	начало закрытые
1724185302712	Annotation	конец закрытые
1724185305593	StopRecord	
