1724054248327	Device	NeuroPlay-6C (0615)
1724054248327	Date	2024-08-19T10:57:28.327
1724054248328	Timestamp	1724054248327
1724054248328	Frequency	125
1724054248328	Channels	O1,T3,Fp1,Fp2,T4,O2
1724054248328	ChannelCount	6
1724054248329	HPF	2
1724054248329	LPF	40
1724054248329	BSF	50
1724054248330	BSF2	0
1724054248331	MeditationChannels	O1,O2
1724054248331	MeditationTopThresholdHistory	100
1724054248331	MeditationLowThresholdHistory	1000
1724054248331	MeditationSmoothing	16
1724054248331	ConcentrationChannels	F3,F4,Fp1,Fp2
1724054248332	ConcentrationTopThresholdHistory	100
1724054248334	ConcentrationLowThresholdHistory	1000
1724054248334	ConcentrationSmoothing	16
1724054248334	OS	Windows
1724054248334	OSversion	10.0.19045
1724054248335	Version	1.10.5
1724054251722	Annotation	начало открытые
1724054258815	RECORD_PAUSE	
1724054274044	Device reconnect	15.2s
1724054274045	RECORD_CONTINUE	
1724054274046	Annotation	Device reconnect 15.2s
1724054281696	RECORD_PAUSE	
1724054286427	Device reconnect	4.7s
1724054286428	RECORD_CONTINUE	
1724054286428	Annotation	Device reconnect 4.7s
1724054560135	RECORD_PAUSE	
1724054566529	Device reconnect	6.4s
1724054566530	RECORD_CONTINUE	
1724054566531	Annotation	Device reconnect 6.4s
1724054675825	Annotation	конец открытые
1724054677658	Annotation	начало закрытые
1724054791848	Annotation	конец открытые
1724054813920	Annotation	конец открытые
1724054854351	Annotation	конец открытые
1724054888401	RECORD_PAUSE	
1724054894601	Device reconnect	6.2s
1724054894602	RECORD_CONTINUE	
1724054894603	Annotation	Device reconnect 6.2s
1724055120189	Annotation	конец закрытые
1724055123417	StopRecord	
