1724056927359	Device	NeuroPlay-6C (0615)
1724056927360	Date	2024-08-19T11:42:07.360
1724056927360	Timestamp	1724056927359
1724056927360	Frequency	125
1724056927361	Channels	O1,T3,Fp1,Fp2,T4,O2
1724056927361	ChannelCount	6
1724056927362	HPF	2
1724056927362	LPF	40
1724056927362	BSF	50
1724056927363	BSF2	0
1724056927364	MeditationChannels	O1,O2
1724056927364	MeditationTopThresholdHistory	100
1724056927364	MeditationLowThresholdHistory	1000
1724056927365	MeditationSmoothing	16
1724056927365	ConcentrationChannels	F3,F4,Fp1,Fp2
1724056927365	ConcentrationTopThresholdHistory	100
1724056927366	ConcentrationLowThresholdHistory	1000
1724056927366	ConcentrationSmoothing	16
1724056927366	OS	Windows
1724056927366	OSversion	10.0.19045
1724056927367	Version	1.10.5
1724056928122	RECORD_PAUSE	
1724056941607	Device reconnect	13.5s
1724056941608	RECORD_CONTINUE	
1724056941609	Annotation	Device reconnect 13.5s
1724056944097	RECORD_PAUSE	
1724056952182	Device reconnect	8.1s
1724056952183	RECORD_CONTINUE	
1724056952183	Annotation	Device reconnect 8.1s
1724056956977	Annotation	начало открытые
1724056956978	Annotation	начало открытые
1724057189848	RECORD_PAUSE	
1724057195602	Device reconnect	5.8s
1724057195602	RECORD_CONTINUE	
1724057195603	Annotation	Device reconnect 5.8s
1724057196988	RECORD_PAUSE	
1724057203531	Device reconnect	6.5s
1724057203532	RECORD_CONTINUE	
1724057203532	Annotation	Device reconnect 6.5s
1724057286011	Annotation	конец открытые
1724057286012	Annotation	конец открытые
1724057291024	Annotation	начало закрытые
1724057291025	Annotation	начало закрытые
1724057446014	RECORD_PAUSE	
1724057454907	Device reconnect	8.9s
1724057454908	RECORD_CONTINUE	
1724057454908	Annotation	Device reconnect 8.9s
1724057684925	Annotation	конец закрытые
1724057684927	Annotation	конец закрытые
1724057693145	StopRecord	
