1724154051273	Device	NeuroPlay-6C (0615)
1724154051273	Date	2024-08-20T14:40:51.273
1724154051273	Timestamp	1724154051273
1724154051274	Frequency	125
1724154051274	Channels	O1,T3,Fp1,Fp2,T4,O2
1724154051274	ChannelCount	6
1724154051274	HPF	2
1724154051274	LPF	40
1724154051274	BSF	50
1724154051275	BSF2	0
1724154051280	MeditationChannels	O1,O2
1724154051280	MeditationTopThresholdHistory	100
1724154051281	MeditationLowThresholdHistory	1000
1724154051281	MeditationSmoothing	16
1724154051281	ConcentrationChannels	F3,F4,Fp1,Fp2
1724154051281	ConcentrationTopThresholdHistory	100
1724154051281	ConcentrationLowThresholdHistory	1000
1724154051281	ConcentrationSmoothing	16
1724154051284	OS	android
1724154051284	Version	1.9.19
1724154052267	StopRecord	
