1724154243226	Device	NeuroPlay-6C (0615)
1724154243226	Date	2024-08-20T14:44:03.226
1724154243226	Timestamp	1724154243226
1724154243226	Frequency	125
1724154243226	Channels	O1,T3,Fp1,Fp2,T4,O2
1724154243227	ChannelCount	6
1724154243227	HPF	2
1724154243227	LPF	40
1724154243227	BSF	50
1724154243227	BSF2	0
1724154243233	MeditationChannels	O1,O2
1724154243233	MeditationTopThresholdHistory	100
1724154243233	MeditationLowThresholdHistory	1000
1724154243233	MeditationSmoothing	16
1724154243233	ConcentrationChannels	F3,F4,Fp1,Fp2
1724154243234	ConcentrationTopThresholdHistory	100
1724154243234	ConcentrationLowThresholdHistory	1000
1724154243234	ConcentrationSmoothing	16
1724154243234	OS	android
1724154243234	Version	1.9.19
1724154251742	RECORD_PAUSE	
1724154258223	Device reconnect	6.5s
1724154258223	RECORD_CONTINUE	
1724154258224	Annotation	Device reconnect 6.5s
1724154274817	StopRecord	
