1724164953434	Device	NeuroPlay-6C (0615)
1724164953434	Date	2024-08-20T17:42:33.434
1724164953434	Timestamp	1724164953434
1724164953434	Frequency	125
1724164953434	Channels	O1,T3,Fp1,Fp2,T4,O2
1724164953434	ChannelCount	6
1724164953434	HPF	2
1724164953434	LPF	40
1724164953434	BSF	50
1724164953434	BSF2	0
1724164953440	MeditationChannels	O1,O2
1724164953440	MeditationTopThresholdHistory	100
1724164953440	MeditationLowThresholdHistory	1000
1724164953440	MeditationSmoothing	16
1724164953440	ConcentrationChannels	F3,F4,Fp1,Fp2
1724164953440	ConcentrationTopThresholdHistory	100
1724164953441	ConcentrationLowThresholdHistory	1000
1724164953441	ConcentrationSmoothing	16
1724164953441	OS	android
1724164953441	Version	1.9.19
1724165682420	StopRecord	
