1724597137340	Device	NeuroPlay-6C (0615)
1724597137341	Date	2024-08-25T17:45:37.341
1724597137341	Timestamp	1724597137340
1724597137341	Frequency	125
1724597137341	Channels	O1,T3,Fp1,Fp2,T4,O2
1724597137341	ChannelCount	6
1724597137341	HPF	2
1724597137341	LPF	40
1724597137341	BSF	50
1724597137341	BSF2	0
1724597137343	MeditationChannels	O1,O2
1724597137344	MeditationTopThresholdHistory	100
1724597137344	MeditationLowThresholdHistory	1000
1724597137344	MeditationSmoothing	16
1724597137344	ConcentrationChannels	F3,F4,Fp1,Fp2
1724597137344	ConcentrationTopThresholdHistory	100
1724597137344	ConcentrationLowThresholdHistory	1000
1724597137344	ConcentrationSmoothing	16
1724597137344	OS	android
1724597137344	Version	1.9.19
1724597793618	StopRecord	
