1724767729486	Device	NeuroPlay-6C (0615)
1724767729486	Date	2024-08-27T17:08:49.486
1724767729486	Timestamp	1724767729486
1724767729486	Frequency	125
1724767729487	Channels	O1,T3,Fp1,Fp2,T4,O2
1724767729487	ChannelCount	6
1724767729487	HPF	2
1724767729487	LPF	30
1724767729487	BSF	50
1724767729487	BSF2	0
1724767729489	MeditationChannels	O1,O2
1724767729489	MeditationTopThresholdHistory	100
1724767729489	MeditationLowThresholdHistory	1000
1724767729489	MeditationSmoothing	16
1724767729489	ConcentrationChannels	F3,F4,Fp1,Fp2
1724767729489	ConcentrationTopThresholdHistory	100
1724767729489	ConcentrationLowThresholdHistory	1000
1724767729489	ConcentrationSmoothing	16
1724767729489	OS	android
1724767729489	Version	1.9.19
1724768335645	StopRecord	
