1724766785389	Device	NeuroPlay-6C (0615)
1724766785389	Date	2024-08-27T16:53:05.389
1724766785389	Timestamp	1724766785389
1724766785389	Frequency	125
1724766785389	Channels	O1,T3,Fp1,Fp2,T4,O2
1724766785389	ChannelCount	6
1724766785389	HPF	2
1724766785389	LPF	30
1724766785389	BSF	50
1724766785390	BSF2	0
1724766785391	MeditationChannels	O1,O2
1724766785391	MeditationTopThresholdHistory	100
1724766785391	MeditationLowThresholdHistory	1000
1724766785391	MeditationSmoothing	16
1724766785392	ConcentrationChannels	F3,F4,Fp1,Fp2
1724766785392	ConcentrationTopThresholdHistory	100
1724766785392	ConcentrationLowThresholdHistory	1000
1724766785392	ConcentrationSmoothing	16
1724766785392	OS	android
1724766785392	Version	1.9.19
1724766794850	StopRecord	
