1724766028024	Device	NeuroPlay-6C (0615)
1724766028025	Date	2024-08-27T16:40:28.025
1724766028025	Timestamp	1724766028024
1724766028025	Frequency	125
1724766028025	Channels	O1,T3,Fp1,Fp2,T4,O2
1724766028025	ChannelCount	6
1724766028025	HPF	2
1724766028025	LPF	30
1724766028025	BSF	50
1724766028025	BSF2	0
1724766028027	MeditationChannels	O1,O2
1724766028027	MeditationTopThresholdHistory	100
1724766028028	MeditationLowThresholdHistory	1000
1724766028028	MeditationSmoothing	16
1724766028028	ConcentrationChannels	F3,F4,Fp1,Fp2
1724766028028	ConcentrationTopThresholdHistory	100
1724766028028	ConcentrationLowThresholdHistory	1000
1724766028028	ConcentrationSmoothing	16
1724766028028	OS	android
1724766028028	Version	1.9.19
1724766690757	StopRecord	
