1724766801197	Device	NeuroPlay-6C (0615)
1724766801197	Date	2024-08-27T16:53:21.197
1724766801197	Timestamp	1724766801197
1724766801198	Frequency	125
1724766801198	Channels	O1,T3,Fp1,Fp2,T4,O2
1724766801198	ChannelCount	6
1724766801198	HPF	2
1724766801198	LPF	30
1724766801198	BSF	50
1724766801198	BSF2	0
1724766801200	MeditationChannels	O1,O2
1724766801200	MeditationTopThresholdHistory	100
1724766801200	MeditationLowThresholdHistory	1000
1724766801200	MeditationSmoothing	16
1724766801200	ConcentrationChannels	F3,F4,Fp1,Fp2
1724766801200	ConcentrationTopThresholdHistory	100
1724766801200	ConcentrationLowThresholdHistory	1000
1724766801200	ConcentrationSmoothing	16
1724766801200	OS	android
1724766801201	Version	1.9.19
1724767012878	RECORD_PAUSE	
1724767019758	Device reconnect	6.9s
1724767019760	RECORD_CONTINUE	
1724767019761	Annotation	Device reconnect 6.9s
1724767055912	RECORD_PAUSE	
1724767083174	Device reconnect	27.3s
1724767083175	RECORD_CONTINUE	
1724767083176	Annotation	Device reconnect 27.3s
1724767127708	RECORD_PAUSE	
1724767142775	Device reconnect	15.1s
1724767142776	RECORD_CONTINUE	
1724767142778	Annotation	Device reconnect 15.1s
1724767145242	StopRecord	
