1724061142050	Device	NeuroPlay-6C (0615)
1724061142052	Date	2024-08-19T12:52:22.052
1724061142053	Timestamp	1724061142050
1724061142054	Frequency	125
1724061142054	Channels	O1,T3,Fp1,Fp2,T4,O2
1724061142055	ChannelCount	6
1724061142056	HPF	2
1724061142056	LPF	40
1724061142057	BSF	50
1724061142058	BSF2	0
1724061142061	MeditationChannels	O1,O2
1724061142062	MeditationTopThresholdHistory	100
1724061142063	MeditationLowThresholdHistory	1000
1724061142064	MeditationSmoothing	16
1724061142064	ConcentrationChannels	F3,F4,Fp1,Fp2
1724061142065	ConcentrationTopThresholdHistory	100
1724061142068	ConcentrationLowThresholdHistory	1000
1724061142069	ConcentrationSmoothing	16
1724061142070	OS	Windows
1724061142071	OSversion	10.0.19045
1724061142072	Version	1.10.5
1724061520095	RECORD_PAUSE	
1724061528053	Device reconnect	8.0s
1724061528054	RECORD_CONTINUE	
1724061528055	Annotation	Device reconnect 8.0s
1724061557042	RECORD_PAUSE	
1724061563100	Device reconnect	6.1s
1724061563101	RECORD_CONTINUE	
1724061563102	Annotation	Device reconnect 6.1s
1724061851780	StopRecord	
