1724237048361	Device	NeuroPlay-6C (0615)
1724237048361	Date	2024-08-21T13:44:08.361
1724237048361	Timestamp	1724237048361
1724237048361	Frequency	125
1724237048362	Channels	O1,T3,Fp1,Fp2,T4,O2
1724237048362	ChannelCount	6
1724237048362	HPF	2
1724237048362	LPF	40
1724237048362	BSF	50
1724237048363	BSF2	0
1724237048363	MeditationChannels	O1,O2
1724237048364	MeditationTopThresholdHistory	100
1724237048364	MeditationLowThresholdHistory	1000
1724237048364	MeditationSmoothing	16
1724237048364	ConcentrationChannels	F3,F4,Fp1,Fp2
1724237048365	ConcentrationTopThresholdHistory	100
1724237048373	ConcentrationLowThresholdHistory	1000
1724237048373	ConcentrationSmoothing	16
1724237048373	OS	Windows
1724237048373	OSversion	10.0.19045
1724237048374	Version	1.10.5
1724237073965	Annotation	начало открытые
1724237442923	Annotation	конец открытые
1724237455831	Annotation	начало закрытые
1724237763808	Annotation	конец закрытые
1724237788384	StopRecord	
[MSI]
22.08.2024 17:06:28=22.08.2024 17:06:28
