1724498293507	Device	NeuroPlay-6C (0615)
1724498293508	Date	2024-08-24T14:18:13.508
1724498293508	Timestamp	1724498293507
1724498293509	Frequency	125
1724498293509	Channels	O1,T3,Fp1,Fp2,T4,O2
1724498293509	ChannelCount	6
1724498293509	HPF	2
1724498293510	LPF	40
1724498293510	BSF	50
1724498293510	BSF2	0
1724498293512	MeditationChannels	O1,O2
1724498293512	MeditationTopThresholdHistory	100
1724498293512	MeditationLowThresholdHistory	1000
1724498293512	MeditationSmoothing	16
1724498293513	ConcentrationChannels	F3,F4,Fp1,Fp2
1724498293513	ConcentrationTopThresholdHistory	100
1724498293522	ConcentrationLowThresholdHistory	1000
1724498293522	ConcentrationSmoothing	16
1724498293522	OS	Windows
1724498293523	OSversion	10.0.19045
1724498293523	Version	1.10.5
1724498294834	Annotation	начало открытые
1724498643329	Annotation	конец открытые
1724498643751	Annotation	начало закрытые
1724498895969	Annotation	конец закрытые
1724498903989	RECORD_PAUSE	
1724498906011	StopRecord	
