1724255629082	Device	NeuroPlay-6C (0615)
1724255629082	Date	2024-08-21T18:53:49.082
1724255629082	Timestamp	1724255629082
1724255629082	Frequency	125
1724255629082	Channels	O1,T3,Fp1,Fp2,T4,O2
1724255629082	ChannelCount	6
1724255629082	HPF	2
1724255629082	LPF	40
1724255629082	BSF	50
1724255629082	BSF2	0
1724255629084	MeditationChannels	O1,O2
1724255629084	MeditationTopThresholdHistory	100
1724255629084	MeditationLowThresholdHistory	1000
1724255629084	MeditationSmoothing	16
1724255629085	ConcentrationChannels	F3,F4,Fp1,Fp2
1724255629085	ConcentrationTopThresholdHistory	100
1724255629085	ConcentrationLowThresholdHistory	1000
1724255629085	ConcentrationSmoothing	16
1724255629085	OS	android
1724255629085	Version	1.9.19
1724255932348	StopRecord	
