1724160728004	Device	NeuroPlay-6C (0615)
1724160728004	Date	2024-08-20T16:32:08.004
1724160728005	Timestamp	1724160728004
1724160728005	Frequency	125
1724160728005	Channels	O1,T3,Fp1,Fp2,T4,O2
1724160728005	ChannelCount	6
1724160728005	HPF	2
1724160728005	LPF	40
1724160728005	BSF	50
1724160728005	BSF2	0
1724160728010	MeditationChannels	O1,O2
1724160728010	MeditationTopThresholdHistory	100
1724160728010	MeditationLowThresholdHistory	1000
1724160728010	MeditationSmoothing	16
1724160728010	ConcentrationChannels	F3,F4,Fp1,Fp2
1724160728010	ConcentrationTopThresholdHistory	100
1724160728011	ConcentrationLowThresholdHistory	1000
1724160728011	ConcentrationSmoothing	16
1724160728012	OS	android
1724160728012	Version	1.9.19
1724160761105	RECORD_PAUSE	
1724160772958	Device reconnect	11.9s
1724160772960	RECORD_CONTINUE	
1724160772961	Annotation	Device reconnect 11.9s
1724161548671	StopRecord	
