1724255242029	Device	NeuroPlay-6C (0615)
1724255242029	Date	2024-08-21T18:47:22.029
1724255242029	Timestamp	1724255242029
1724255242029	Frequency	125
1724255242030	Channels	O1,T3,Fp1,Fp2,T4,O2
1724255242030	ChannelCount	6
1724255242030	HPF	2
1724255242030	LPF	40
1724255242030	BSF	50
1724255242030	BSF2	0
1724255242033	MeditationChannels	O1,O2
1724255242033	MeditationTopThresholdHistory	100
1724255242033	MeditationLowThresholdHistory	1000
1724255242033	MeditationSmoothing	16
1724255242034	ConcentrationChannels	F3,F4,Fp1,Fp2
1724255242034	ConcentrationTopThresholdHistory	100
1724255242034	ConcentrationLowThresholdHistory	1000
1724255242034	ConcentrationSmoothing	16
1724255242034	OS	android
1724255242034	Version	1.9.19
1724255546949	StopRecord	
