1724255594897	Device	NeuroPlay-6C (0615)
1724255594897	Date	2024-08-21T18:53:14.897
1724255594898	Timestamp	1724255594897
1724255594898	Frequency	125
1724255594898	Channels	O1,T3,Fp1,Fp2,T4,O2
1724255594898	ChannelCount	6
1724255594898	HPF	2
1724255594898	LPF	40
1724255594898	BSF	50
1724255594898	BSF2	0
1724255594901	MeditationChannels	O1,O2
1724255594901	MeditationTopThresholdHistory	100
1724255594901	MeditationLowThresholdHistory	1000
1724255594901	MeditationSmoothing	16
1724255594901	ConcentrationChannels	F3,F4,Fp1,Fp2
1724255594901	ConcentrationTopThresholdHistory	100
1724255594902	ConcentrationLowThresholdHistory	1000
1724255594902	ConcentrationSmoothing	16
1724255594902	OS	android
1724255594902	Version	1.9.19
1724255611505	StopRecord	
