1724255101603	Device	NeuroPlay-6C (0615)
1724255101603	Date	2024-08-21T18:45:01.603
1724255101603	Timestamp	1724255101603
1724255101603	Frequency	125
1724255101603	Channels	O1,T3,Fp1,Fp2,T4,O2
1724255101603	ChannelCount	6
1724255101604	HPF	2
1724255101604	LPF	40
1724255101604	BSF	50
1724255101604	BSF2	0
1724255101608	MeditationChannels	O1,O2
1724255101608	MeditationTopThresholdHistory	100
1724255101608	MeditationLowThresholdHistory	1000
1724255101608	MeditationSmoothing	16
1724255101609	ConcentrationChannels	F3,F4,Fp1,Fp2
1724255101609	ConcentrationTopThresholdHistory	100
1724255101609	ConcentrationLowThresholdHistory	1000
1724255101609	ConcentrationSmoothing	16
1724255101609	OS	android
1724255101609	Version	1.9.19
1724255235991	StopRecord	
